[debug] [2017-09-22T12:29:05.910Z] ----------------------------------------------------------------------
[debug] [2017-09-22T12:29:05.927Z] Command:       C:\Program Files\nodejs\node.exe C:\Users\jamie\AppData\Roaming\npm\node_modules\firebase-tools\bin\firebase deploy
[debug] [2017-09-22T12:29:05.933Z] CLI Version:   3.10.1
[debug] [2017-09-22T12:29:05.933Z] Platform:      win32
[debug] [2017-09-22T12:29:05.934Z] Node Version:  v6.11.2
[debug] [2017-09-22T12:29:05.936Z] Time:          Fri Sep 22 2017 08:29:05 GMT-0400 (Eastern Daylight Time)
[debug] [2017-09-22T12:29:05.937Z] ----------------------------------------------------------------------
[debug] 
[debug] [2017-09-22T12:29:06.098Z] > command requires scopes: ["email","openid","https://www.googleapis.com/auth/cloudplatformprojects.readonly","https://www.googleapis.com/auth/firebase","https://www.googleapis.com/auth/cloud-platform"]
[debug] [2017-09-22T12:29:06.100Z] > authorizing via signed-in user
[debug] [2017-09-22T12:29:06.115Z] > refreshing access token with scopes: ["email","https://www.googleapis.com/auth/cloud-platform","https://www.googleapis.com/auth/cloudplatformprojects.readonly","https://www.googleapis.com/auth/firebase","openid"]
[debug] [2017-09-22T12:29:06.116Z] >>> HTTP REQUEST POST https://www.googleapis.com/oauth2/v3/token { refresh_token: '1/ORWNyIvMSz9HLGP3zDR8GHB0TRqXwXTPq1N3YgcBcEA',
  client_id: '563584335869-fgrhgmd47bqnekij5i8b5pr03ho849e6.apps.googleusercontent.com',
  client_secret: 'j9iVZfS8kkCEFUPaAeJV0sAi',
  grant_type: 'refresh_token',
  scope: 'email https://www.googleapis.com/auth/cloud-platform https://www.googleapis.com/auth/cloudplatformprojects.readonly https://www.googleapis.com/auth/firebase openid' } 
 Fri Sep 22 2017 08:29:06 GMT-0400 (Eastern Daylight Time)
[debug] [2017-09-22T12:29:06.431Z] <<< HTTP RESPONSE 200
[debug] [2017-09-22T12:29:06.481Z] >>> HTTP REQUEST GET https://admin.firebase.com/v1/projects/friendshrimp-a4c11  
 Fri Sep 22 2017 08:29:06 GMT-0400 (Eastern Daylight Time)
[debug] [2017-09-22T12:29:06.939Z] <<< HTTP RESPONSE 200
[debug] [2017-09-22T12:29:06.943Z] >>> HTTP REQUEST GET https://admin.firebase.com/v1/database/friendshrimp-a4c11/tokens  
 Fri Sep 22 2017 08:29:06 GMT-0400 (Eastern Daylight Time)
[debug] [2017-09-22T12:29:07.311Z] <<< HTTP RESPONSE 200
[info] 
[info] === Deploying to 'friendshrimp-a4c11'...
[info] 
[info] i  deploying hosting
[info] i  hosting: preparing . directory for upload...
[debug] [2017-09-22T12:29:10.577Z] >>> HTTP REQUEST PUT https://deploy.firebase.com/v1/hosting/friendshrimp-a4c11/uploads/-KudZ18Ml7fb8QKkNZha?fileCount=115&message=  
 Fri Sep 22 2017 08:29:10 GMT-0400 (Eastern Daylight Time)
[debug] [2017-09-22T12:29:55.862Z] <<< HTTP RESPONSE 200
[debug] [2017-09-22T12:29:55.864Z] [hosting] .tgz uploaded successfully, waiting for extraction
[error] 
[error] Error: File upload failed: Deploy failed.
[debug] [2017-09-22T12:30:49.667Z] Error Context: {
  "duration": 55715,
  "fileCount": 115,
  "ip": "216.208.6.100",
  "start": 1506083394622,
  "status": "failed",
  "statusMessage": "Deploy failed.",
  "uid": "100471510911184363174",
  "uploadedCount": 115,
  "user": {
    "email": "jamielockie@gmail.com",
    "gaiaId": "100471510911184363174",
    "image": "https://lh3.googleusercontent.com/-XdUIqdMkCWA/AAAAAAAAAAI/AAAAAAAAAAA/4252rscbv5M/photo.jpg"
  }
}
